<?xml version="1.0" encoding="UTF-8"?>
<testng-results skipped="0" failed="0" ignored="0" total="1" passed="1">
  <reporter-output>
  </reporter-output>
  <suite name="Default suite" duration-ms="56423" started-at="2017-12-06T16:25:40Z" finished-at="2017-12-06T16:26:37Z">
    <groups>
    </groups>
    <test name="Default test" duration-ms="56423" started-at="2017-12-06T16:25:40Z" finished-at="2017-12-06T16:26:37Z">
      <class name="com.Naukri.siteTest.Test.CvUpdate">
        <test-method status="PASS" signature="siteUp()[pri:0, instance:com.Naukri.siteTest.Test.CvUpdate@28feb3fa]" name="siteUp" is-config="true" duration-ms="27230" started-at="2017-12-06T21:55:41Z" finished-at="2017-12-06T21:56:08Z">
          <reporter-output>
          </reporter-output>
        </test-method> <!-- siteUp -->
        <test-method status="PASS" signature="updateCV()[pri:0, instance:com.Naukri.siteTest.Test.CvUpdate@28feb3fa]" name="updateCV" duration-ms="27854" started-at="2017-12-06T21:56:08Z" finished-at="2017-12-06T21:56:36Z">
          <reporter-output>
          </reporter-output>
        </test-method> <!-- updateCV -->
        <test-method status="PASS" signature="tearDown()[pri:0, instance:com.Naukri.siteTest.Test.CvUpdate@28feb3fa]" name="tearDown" is-config="true" duration-ms="1235" started-at="2017-12-06T21:56:36Z" finished-at="2017-12-06T21:56:37Z">
          <reporter-output>
          </reporter-output>
        </test-method> <!-- tearDown -->
      </class> <!-- com.Naukri.siteTest.Test.CvUpdate -->
    </test> <!-- Default test -->
  </suite> <!-- Default suite -->
</testng-results>
